0 info it worked if it ends with ok
1 verbose cli [ '/usr/local/heroku/bin/node',
1 verbose cli   '/usr/bin/npm',
1 verbose cli   'install',
1 verbose cli   '-g',
1 verbose cli   'npm@latest' ]
2 info using npm@3.10.10
3 info using node@v7.10.0
4 silly loadCurrentTree Starting
5 silly install loadCurrentTree
6 silly install readGlobalPackageData
7 silly fetchPackageMetaData npm@latest
8 silly fetchNamedPackageData npm
9 silly mapToRegistry name npm
10 silly mapToRegistry using default registry
11 silly mapToRegistry registry http://registry.npmjs.org/
12 silly mapToRegistry data Result {
12 silly mapToRegistry   raw: 'npm',
12 silly mapToRegistry   scope: null,
12 silly mapToRegistry   escapedName: 'npm',
12 silly mapToRegistry   name: 'npm',
12 silly mapToRegistry   rawSpec: '',
12 silly mapToRegistry   spec: 'latest',
12 silly mapToRegistry   type: 'tag' }
13 silly mapToRegistry uri http://registry.npmjs.org/npm
14 verbose request uri http://registry.npmjs.org/npm
15 verbose request no auth needed
16 info attempt registry request try #1 at 5:22:40 PM
17 verbose request id 47a88259be3bd0f1
18 http request GET http://registry.npmjs.org/npm
19 http 200 http://registry.npmjs.org/npm
20 verbose headers { date: 'Sat, 09 Jun 2018 14:22:40 GMT',
20 verbose headers   'content-type': 'application/json; charset=UTF-8',
20 verbose headers   'transfer-encoding': 'chunked',
20 verbose headers   connection: 'keep-alive',
20 verbose headers   'set-cookie': [ '__cfduid=dac13fab9fde229042690f487d40115701528554160; expires=Sun, 09-Jun-19 14:22:40 GMT; path=/; domain=.registry.npmjs.org; HttpOnly' ],
20 verbose headers   'cache-control': 'max-age=300',
20 verbose headers   'cf-cache-status': 'HIT',
20 verbose headers   'cf-ray': '42844071e535acc6-OTP',
20 verbose headers   etag: 'W/"b4c76986387e5692eab7c23d031e4036"',
20 verbose headers   'expect-ct': 'max-age=604800, report-uri="https://report-uri.cloudflare.com/cdn-cgi/beacon/expect-ct"',
20 verbose headers   'last-modified': 'Fri, 25 May 2018 12:03:42 GMT',
20 verbose headers   vary: 'accept-encoding, accept',
20 verbose headers   server: 'cloudflare',
20 verbose headers   'content-encoding': 'gzip' }
21 silly get cb [ 200,
21 silly get   { date: 'Sat, 09 Jun 2018 14:22:40 GMT',
21 silly get     'content-type': 'application/json; charset=UTF-8',
21 silly get     'transfer-encoding': 'chunked',
21 silly get     connection: 'keep-alive',
21 silly get     'set-cookie': [ '__cfduid=dac13fab9fde229042690f487d40115701528554160; expires=Sun, 09-Jun-19 14:22:40 GMT; path=/; domain=.registry.npmjs.org; HttpOnly' ],
21 silly get     'cache-control': 'max-age=300',
21 silly get     'cf-cache-status': 'HIT',
21 silly get     'cf-ray': '42844071e535acc6-OTP',
21 silly get     etag: 'W/"b4c76986387e5692eab7c23d031e4036"',
21 silly get     'expect-ct': 'max-age=604800, report-uri="https://report-uri.cloudflare.com/cdn-cgi/beacon/expect-ct"',
21 silly get     'last-modified': 'Fri, 25 May 2018 12:03:42 GMT',
21 silly get     vary: 'accept-encoding, accept',
21 silly get     server: 'cloudflare',
21 silly get     'content-encoding': 'gzip' } ]
22 verbose get saving npm to /home/dragosm/.npm/registry.npmjs.org/npm/.cache.json
23 verbose correctMkdir /home/dragosm/.npm correctMkdir not in flight; initializing
24 silly rollbackFailedOptional Starting
25 silly rollbackFailedOptional Finishing
26 silly runTopLevelLifecycles Finishing
27 silly install printInstalled
28 verbose stack Error: EACCES: permission denied, mkdir '/usr/local/heroku/lib'
29 verbose cwd /home/dragosm/es6
30 error Linux 4.7.0.intel.r5.0
31 error argv "/usr/local/heroku/bin/node" "/usr/bin/npm" "install" "-g" "npm@latest"
32 error node v7.10.0
33 error npm  v3.10.10
34 error path /usr/local/heroku/lib
35 error code EACCES
36 error errno -13
37 error syscall mkdir
38 error Error: EACCES: permission denied, mkdir '/usr/local/heroku/lib'
38 error  { Error: EACCES: permission denied, mkdir '/usr/local/heroku/lib'
38 error   errno: -13,
38 error   code: 'EACCES',
38 error   syscall: 'mkdir',
38 error   path: '/usr/local/heroku/lib' }
39 error Please try running this command again as root/Administrator.
40 verbose exit [ -13, true ]
